build/app/intermediates/manifest_merge_blame_file/release/manifest-merger-blame-release-report.txt
1<?xml version="1.0" encoding="utf-8"?>
2<manifest xmlns:android="http://schemas.android.com/apk/res/android"
3    package="com.mauzoApp.app"
4    android:versionCode="1"
5    android:versionName="1.0.0" >
6
7    <uses-sdk
8        android:minSdkVersion="29"
8-->src\main\AndroidManifest.xml
9        android:targetSdkVersion="34" />
9-->src\main\AndroidManifest.xml
10
11    <uses-permission android:name="android.permission.READ_EXTERNAL_STORAGE" />
11-->src\main\AndroidManifest.xml:2:3-77
11-->src\main\AndroidManifest.xml:2:20-75
12    <uses-permission android:name="android.permission.WRITE_EXTERNAL_STORAGE" />
12-->src\main\AndroidManifest.xml:3:3-78
12-->src\main\AndroidManifest.xml:3:20-76
13    <uses-permission android:name="android.permission.CAMERA" />
13-->src\main\AndroidManifest.xml:4:3-62
13-->src\main\AndroidManifest.xml:4:20-60
14    <!--
15       io.flutter.app.FlutterApplication is an android.app.Application that
16         calls FlutterMain.startInitialization(this); in its onCreate method.
17         In most cases you can leave this as-is, but you if you want to provide
18         additional functionality it is fine to subclass or reimplement
19         FlutterApplication and put your custom class here.
20    -->
21    <uses-permission android:name="android.permission.INTERNET" />
21-->src\main\AndroidManifest.xml:10:3-64
21-->src\main\AndroidManifest.xml:10:20-62
22    <uses-permission android:name="android.permission.ACCESS_NETWORK_STATE" />
22-->[:connectivity_plus] AndroidManifest.xml:9:5-79
22-->[:connectivity_plus] AndroidManifest.xml:9:22-76
23
24    <queries>
24-->[:images_picker] AndroidManifest.xml:9:5-18:15
25        <package android:name="com.mauzoApp.app" />
25-->[:images_picker] AndroidManifest.xml:10:9-52
25-->[:images_picker] AndroidManifest.xml:10:18-49
26
27        <intent>
27-->[:images_picker] AndroidManifest.xml:12:9-14:18
28            <action android:name="android.media.action.IMAGE_CAPTURE" />
28-->[:images_picker] AndroidManifest.xml:13:13-73
28-->[:images_picker] AndroidManifest.xml:13:21-70
29        </intent>
30        <intent>
30-->[:images_picker] AndroidManifest.xml:15:9-17:18
31            <action android:name="android.media.action.ACTION_VIDEO_CAPTURE" />
31-->[:images_picker] AndroidManifest.xml:16:13-80
31-->[:images_picker] AndroidManifest.xml:16:21-77
32        </intent>
33        <!-- Needs to be explicitly declared on Android R+ -->
34        <package android:name="com.google.android.apps.maps" />
34-->[com.google.android.gms:play-services-maps:18.2.0] AndroidManifest.xml:33:9-64
34-->[com.google.android.gms:play-services-maps:18.2.0] AndroidManifest.xml:33:18-61
35    </queries>
36
37    <uses-permission android:name="android.permission.RECORD_AUDIO" />
37-->[:images_picker] AndroidManifest.xml:23:5-71
37-->[:images_picker] AndroidManifest.xml:23:22-68
38
39    <uses-feature
39-->[com.google.android.gms:play-services-maps:18.2.0] AndroidManifest.xml:26:5-28:35
40        android:glEsVersion="0x00020000"
40-->[com.google.android.gms:play-services-maps:18.2.0] AndroidManifest.xml:27:9-41
41        android:required="true" />
41-->[com.google.android.gms:play-services-maps:18.2.0] AndroidManifest.xml:28:9-32
42
43    <permission
43-->[androidx.core:core:1.13.1] AndroidManifest.xml:22:5-24:47
44        android:name="com.mauzoApp.app.DYNAMIC_RECEIVER_NOT_EXPORTED_PERMISSION"
44-->[androidx.core:core:1.13.1] AndroidManifest.xml:23:9-81
45        android:protectionLevel="signature" />
45-->[androidx.core:core:1.13.1] AndroidManifest.xml:24:9-44
46
47    <uses-permission android:name="com.mauzoApp.app.DYNAMIC_RECEIVER_NOT_EXPORTED_PERMISSION" />
47-->[androidx.core:core:1.13.1] AndroidManifest.xml:26:5-97
47-->[androidx.core:core:1.13.1] AndroidManifest.xml:26:22-94
48
49    <application
49-->src\main\AndroidManifest.xml:11:3-36:17
50        android:appComponentFactory="androidx.core.app.CoreComponentFactory"
50-->[androidx.core:core:1.13.1] AndroidManifest.xml:28:18-86
51        android:exported="true"
51-->src\main\AndroidManifest.xml:12:3-26
52        android:extractNativeLibs="false"
53        android:icon="@mipmap/ic_launcher"
53-->src\main\AndroidManifest.xml:11:41-75
54        android:label="mauzoApp" >
54-->src\main\AndroidManifest.xml:11:16-40
55        <meta-data
55-->src\main\AndroidManifest.xml:14:4-15:73
56            android:name="com.google.android.geo.API_KEY"
56-->src\main\AndroidManifest.xml:14:15-60
57            android:value="AIzaSyBik0K8HHrKnsFfTo-XG5ArCy3XRcLVqN0" />
57-->src\main\AndroidManifest.xml:15:16-71
58
59        <activity
59-->src\main\AndroidManifest.xml:16:5-32:16
60            android:name="com.mauzoApp.app.MainActivity"
60-->src\main\AndroidManifest.xml:16:15-43
61            android:configChanges="orientation|keyboardHidden|keyboard|screenSize|smallestScreenSize|locale|layoutDirection|fontScale|screenLayout|density|uiMode"
61-->src\main\AndroidManifest.xml:17:71-221
62            android:exported="true"
62-->src\main\AndroidManifest.xml:17:300-323
63            android:hardwareAccelerated="true"
63-->src\main\AndroidManifest.xml:17:222-256
64            android:launchMode="singleTop"
64-->src\main\AndroidManifest.xml:17:5-35
65            android:theme="@style/LaunchTheme"
65-->src\main\AndroidManifest.xml:17:36-70
66            android:windowSoftInputMode="adjustResize" >
66-->src\main\AndroidManifest.xml:17:257-299
67
68            <!--
69           Specifies an Android theme to apply to this Activity as soon as
70                 the Android process has started. This theme is visible to the user
71                 while the Flutter UI initializes. After that, this theme continues
72                 to determine the Window background behind the Flutter UI.
73            -->
74            <meta-data
74-->src\main\AndroidManifest.xml:22:7-113
75                android:name="io.flutter.embedding.android.NormalTheme"
75-->src\main\AndroidManifest.xml:22:18-73
76                android:resource="@style/NormalTheme" />
76-->src\main\AndroidManifest.xml:22:74-111
77            <!--
78           Displays an Android View that continues showing the launch screen
79                 Drawable until Flutter paints its first frame, then this splash
80                 screen fades out. A splash screen is useful to avoid any visual
81                 gap between the end of Android's launch screen and the painting of
82                 Flutter's first frame.
83            -->
84            <intent-filter>
84-->src\main\AndroidManifest.xml:28:7-31:23
85                <action android:name="android.intent.action.MAIN" />
85-->src\main\AndroidManifest.xml:29:9-60
85-->src\main\AndroidManifest.xml:29:17-58
86
87                <category android:name="android.intent.category.LAUNCHER" />
87-->src\main\AndroidManifest.xml:30:9-68
87-->src\main\AndroidManifest.xml:30:19-66
88            </intent-filter>
89        </activity>
90        <!--
91         Don't delete the meta-data below.
92             This is used by the Flutter tool to generate GeneratedPluginRegistrant.java
93        -->
94        <meta-data
94-->src\main\AndroidManifest.xml:35:5-67
95            android:name="flutterEmbedding"
95-->src\main\AndroidManifest.xml:35:16-47
96            android:value="2" />
96-->src\main\AndroidManifest.xml:35:48-65
97
98        <uses-library
98-->[androidx.window:window:1.2.0] AndroidManifest.xml:23:9-25:40
99            android:name="androidx.window.extensions"
99-->[androidx.window:window:1.2.0] AndroidManifest.xml:24:13-54
100            android:required="false" />
100-->[androidx.window:window:1.2.0] AndroidManifest.xml:25:13-37
101        <uses-library
101-->[androidx.window:window:1.2.0] AndroidManifest.xml:26:9-28:40
102            android:name="androidx.window.sidecar"
102-->[androidx.window:window:1.2.0] AndroidManifest.xml:27:13-51
103            android:required="false" />
103-->[androidx.window:window:1.2.0] AndroidManifest.xml:28:13-37
104
105        <provider
105-->[io.github.lucksiege:pictureselector:v2.7.3-rc10] AndroidManifest.xml:13:9-22:20
106            android:name="com.luck.picture.lib.PictureFileProvider"
106-->[io.github.lucksiege:pictureselector:v2.7.3-rc10] AndroidManifest.xml:14:13-68
107            android:authorities="com.mauzoApp.app.luckProvider"
107-->[io.github.lucksiege:pictureselector:v2.7.3-rc10] AndroidManifest.xml:15:13-64
108            android:exported="false"
108-->[io.github.lucksiege:pictureselector:v2.7.3-rc10] AndroidManifest.xml:16:13-37
109            android:grantUriPermissions="true" >
109-->[io.github.lucksiege:pictureselector:v2.7.3-rc10] AndroidManifest.xml:17:13-47
110            <meta-data
110-->[io.github.lucksiege:pictureselector:v2.7.3-rc10] AndroidManifest.xml:18:13-21:25
111                android:name="android.support.FILE_PROVIDER_PATHS"
111-->[io.github.lucksiege:pictureselector:v2.7.3-rc10] AndroidManifest.xml:19:17-67
112                android:resource="@xml/file_paths" >
112-->[io.github.lucksiege:pictureselector:v2.7.3-rc10] AndroidManifest.xml:20:17-51
113            </meta-data>
114        </provider>
115
116        <activity
116-->[io.github.lucksiege:pictureselector:v2.7.3-rc10] AndroidManifest.xml:24:9-27:20
117            android:name="com.luck.picture.lib.PictureSelectorActivity"
117-->[io.github.lucksiege:pictureselector:v2.7.3-rc10] AndroidManifest.xml:25:13-72
118            android:configChanges="orientation|keyboardHidden|screenSize" >
118-->[io.github.lucksiege:pictureselector:v2.7.3-rc10] AndroidManifest.xml:26:13-74
119        </activity>
120        <activity
120-->[io.github.lucksiege:pictureselector:v2.7.3-rc10] AndroidManifest.xml:28:9-31:20
121            android:name="com.luck.picture.lib.PictureSelectorWeChatStyleActivity"
121-->[io.github.lucksiege:pictureselector:v2.7.3-rc10] AndroidManifest.xml:29:13-83
122            android:configChanges="orientation|keyboardHidden|screenSize" >
122-->[io.github.lucksiege:pictureselector:v2.7.3-rc10] AndroidManifest.xml:30:13-74
123        </activity>
124        <activity
124-->[io.github.lucksiege:pictureselector:v2.7.3-rc10] AndroidManifest.xml:32:9-36:20
125            android:name="com.luck.picture.lib.PictureSelectorCameraEmptyActivity"
125-->[io.github.lucksiege:pictureselector:v2.7.3-rc10] AndroidManifest.xml:33:13-83
126            android:configChanges="orientation|keyboardHidden|screenSize"
126-->[io.github.lucksiege:pictureselector:v2.7.3-rc10] AndroidManifest.xml:34:13-74
127            android:theme="@style/Picture.Theme.Translucent" >
127-->[io.github.lucksiege:pictureselector:v2.7.3-rc10] AndroidManifest.xml:35:13-61
128        </activity>
129        <activity
129-->[io.github.lucksiege:pictureselector:v2.7.3-rc10] AndroidManifest.xml:37:9-40:20
130            android:name="com.luck.picture.lib.PictureCustomCameraActivity"
130-->[io.github.lucksiege:pictureselector:v2.7.3-rc10] AndroidManifest.xml:38:13-76
131            android:configChanges="orientation|keyboardHidden|screenSize" >
131-->[io.github.lucksiege:pictureselector:v2.7.3-rc10] AndroidManifest.xml:39:13-74
132        </activity>
133        <activity
133-->[io.github.lucksiege:pictureselector:v2.7.3-rc10] AndroidManifest.xml:41:9-44:20
134            android:name="com.luck.picture.lib.PicturePreviewActivity"
134-->[io.github.lucksiege:pictureselector:v2.7.3-rc10] AndroidManifest.xml:42:13-71
135            android:configChanges="orientation|keyboardHidden|screenSize" >
135-->[io.github.lucksiege:pictureselector:v2.7.3-rc10] AndroidManifest.xml:43:13-74
136        </activity>
137        <activity
137-->[io.github.lucksiege:pictureselector:v2.7.3-rc10] AndroidManifest.xml:45:9-48:20
138            android:name="com.luck.picture.lib.PictureSelectorPreviewWeChatStyleActivity"
138-->[io.github.lucksiege:pictureselector:v2.7.3-rc10] AndroidManifest.xml:46:13-90
139            android:configChanges="orientation|keyboardHidden|screenSize" >
139-->[io.github.lucksiege:pictureselector:v2.7.3-rc10] AndroidManifest.xml:47:13-74
140        </activity>
141        <activity
141-->[io.github.lucksiege:pictureselector:v2.7.3-rc10] AndroidManifest.xml:49:9-53:20
142            android:name="com.luck.picture.lib.PictureVideoPlayActivity"
142-->[io.github.lucksiege:pictureselector:v2.7.3-rc10] AndroidManifest.xml:50:13-73
143            android:configChanges="orientation|keyboardHidden|screenSize"
143-->[io.github.lucksiege:pictureselector:v2.7.3-rc10] AndroidManifest.xml:51:13-74
144            android:screenOrientation="sensor" >
144-->[io.github.lucksiege:pictureselector:v2.7.3-rc10] AndroidManifest.xml:52:13-47
145        </activity>
146        <activity
146-->[io.github.lucksiege:pictureselector:v2.7.3-rc10] AndroidManifest.xml:54:9-57:20
147            android:name="com.luck.picture.lib.PictureExternalPreviewActivity"
147-->[io.github.lucksiege:pictureselector:v2.7.3-rc10] AndroidManifest.xml:55:13-79
148            android:configChanges="orientation|keyboardHidden|screenSize" >
148-->[io.github.lucksiege:pictureselector:v2.7.3-rc10] AndroidManifest.xml:56:13-74
149        </activity>
150        <activity
150-->[io.github.lucksiege:pictureselector:v2.7.3-rc10] AndroidManifest.xml:58:9-61:20
151            android:name="com.luck.picture.lib.PicturePlayAudioActivity"
151-->[io.github.lucksiege:pictureselector:v2.7.3-rc10] AndroidManifest.xml:59:13-73
152            android:configChanges="orientation|keyboardHidden|screenSize" >
152-->[io.github.lucksiege:pictureselector:v2.7.3-rc10] AndroidManifest.xml:60:13-74
153        </activity>
154        <activity
154-->[io.github.lucksiege:pictureselector:v2.7.3-rc10] AndroidManifest.xml:62:9-65:20
155            android:name="com.yalantis.ucrop.UCropActivity"
155-->[io.github.lucksiege:pictureselector:v2.7.3-rc10] AndroidManifest.xml:63:13-60
156            android:theme="@style/Base.Theme.NoActionBar" >
156-->[io.github.lucksiege:pictureselector:v2.7.3-rc10] AndroidManifest.xml:64:13-58
157        </activity>
158        <activity
158-->[io.github.lucksiege:pictureselector:v2.7.3-rc10] AndroidManifest.xml:66:9-69:20
159            android:name="com.yalantis.ucrop.PictureMultiCuttingActivity"
159-->[io.github.lucksiege:pictureselector:v2.7.3-rc10] AndroidManifest.xml:67:13-74
160            android:theme="@style/Base.Theme.NoActionBar" >
160-->[io.github.lucksiege:pictureselector:v2.7.3-rc10] AndroidManifest.xml:68:13-58
161        </activity> <!-- Needs to be explicitly declared on P+ -->
162        <uses-library
162-->[com.google.android.gms:play-services-maps:18.2.0] AndroidManifest.xml:39:9-41:40
163            android:name="org.apache.http.legacy"
163-->[com.google.android.gms:play-services-maps:18.2.0] AndroidManifest.xml:40:13-50
164            android:required="false" />
164-->[com.google.android.gms:play-services-maps:18.2.0] AndroidManifest.xml:41:13-37
165
166        <activity
166-->[com.google.android.gms:play-services-auth:21.2.0] AndroidManifest.xml:23:9-27:75
167            android:name="com.google.android.gms.auth.api.signin.internal.SignInHubActivity"
167-->[com.google.android.gms:play-services-auth:21.2.0] AndroidManifest.xml:24:13-93
168            android:excludeFromRecents="true"
168-->[com.google.android.gms:play-services-auth:21.2.0] AndroidManifest.xml:25:13-46
169            android:exported="false"
169-->[com.google.android.gms:play-services-auth:21.2.0] AndroidManifest.xml:26:13-37
170            android:theme="@android:style/Theme.Translucent.NoTitleBar" />
170-->[com.google.android.gms:play-services-auth:21.2.0] AndroidManifest.xml:27:13-72
171        <!--
172            Service handling Google Sign-In user revocation. For apps that do not integrate with
173            Google Sign-In, this service will never be started.
174        -->
175        <service
175-->[com.google.android.gms:play-services-auth:21.2.0] AndroidManifest.xml:33:9-37:51
176            android:name="com.google.android.gms.auth.api.signin.RevocationBoundService"
176-->[com.google.android.gms:play-services-auth:21.2.0] AndroidManifest.xml:34:13-89
177            android:exported="true"
177-->[com.google.android.gms:play-services-auth:21.2.0] AndroidManifest.xml:35:13-36
178            android:permission="com.google.android.gms.auth.api.signin.permission.REVOCATION_NOTIFICATION"
178-->[com.google.android.gms:play-services-auth:21.2.0] AndroidManifest.xml:36:13-107
179            android:visibleToInstantApps="true" />
179-->[com.google.android.gms:play-services-auth:21.2.0] AndroidManifest.xml:37:13-48
180
181        <activity
181-->[com.google.android.gms:play-services-base:18.3.0] AndroidManifest.xml:20:9-22:45
182            android:name="com.google.android.gms.common.api.GoogleApiActivity"
182-->[com.google.android.gms:play-services-base:18.3.0] AndroidManifest.xml:20:19-85
183            android:exported="false"
183-->[com.google.android.gms:play-services-base:18.3.0] AndroidManifest.xml:22:19-43
184            android:theme="@android:style/Theme.Translucent.NoTitleBar" />
184-->[com.google.android.gms:play-services-base:18.3.0] AndroidManifest.xml:21:19-78
185
186        <meta-data
186-->[com.google.android.gms:play-services-basement:18.3.0] AndroidManifest.xml:21:9-23:69
187            android:name="com.google.android.gms.version"
187-->[com.google.android.gms:play-services-basement:18.3.0] AndroidManifest.xml:22:13-58
188            android:value="@integer/google_play_services_version" />
188-->[com.google.android.gms:play-services-basement:18.3.0] AndroidManifest.xml:23:13-66
189        <!--
190        Service for holding metadata. Cannot be instantiated.
191        Metadata will be merged from other manifests.
192        -->
193        <service
193-->[androidx.camera:camera-core:1.1.0-alpha10] AndroidManifest.xml:31:9-35:45
194            android:name="androidx.camera.core.impl.MetadataHolderService"
194-->[androidx.camera:camera-core:1.1.0-alpha10] AndroidManifest.xml:32:13-75
195            android:enabled="false"
195-->[androidx.camera:camera-core:1.1.0-alpha10] AndroidManifest.xml:33:13-36
196            android:exported="false" />
196-->[androidx.camera:camera-core:1.1.0-alpha10] AndroidManifest.xml:34:13-37
197
198        <provider
198-->[androidx.lifecycle:lifecycle-process:2.7.0] AndroidManifest.xml:24:9-32:20
199            android:name="androidx.startup.InitializationProvider"
199-->[androidx.lifecycle:lifecycle-process:2.7.0] AndroidManifest.xml:25:13-67
200            android:authorities="com.mauzoApp.app.androidx-startup"
200-->[androidx.lifecycle:lifecycle-process:2.7.0] AndroidManifest.xml:26:13-68
201            android:exported="false" >
201-->[androidx.lifecycle:lifecycle-process:2.7.0] AndroidManifest.xml:27:13-37
202            <meta-data
202-->[androidx.lifecycle:lifecycle-process:2.7.0] AndroidManifest.xml:29:13-31:52
203                android:name="androidx.lifecycle.ProcessLifecycleInitializer"
203-->[androidx.lifecycle:lifecycle-process:2.7.0] AndroidManifest.xml:30:17-78
204                android:value="androidx.startup" />
204-->[androidx.lifecycle:lifecycle-process:2.7.0] AndroidManifest.xml:31:17-49
205            <meta-data
205-->[androidx.profileinstaller:profileinstaller:1.3.1] AndroidManifest.xml:29:13-31:52
206                android:name="androidx.profileinstaller.ProfileInstallerInitializer"
206-->[androidx.profileinstaller:profileinstaller:1.3.1] AndroidManifest.xml:30:17-85
207                android:value="androidx.startup" />
207-->[androidx.profileinstaller:profileinstaller:1.3.1] AndroidManifest.xml:31:17-49
208        </provider>
209
210        <receiver
210-->[androidx.profileinstaller:profileinstaller:1.3.1] AndroidManifest.xml:34:9-52:20
211            android:name="androidx.profileinstaller.ProfileInstallReceiver"
211-->[androidx.profileinstaller:profileinstaller:1.3.1] AndroidManifest.xml:35:13-76
212            android:directBootAware="false"
212-->[androidx.profileinstaller:profileinstaller:1.3.1] AndroidManifest.xml:36:13-44
213            android:enabled="true"
213-->[androidx.profileinstaller:profileinstaller:1.3.1] AndroidManifest.xml:37:13-35
214            android:exported="true"
214-->[androidx.profileinstaller:profileinstaller:1.3.1] AndroidManifest.xml:38:13-36
215            android:permission="android.permission.DUMP" >
215-->[androidx.profileinstaller:profileinstaller:1.3.1] AndroidManifest.xml:39:13-57
216            <intent-filter>
216-->[androidx.profileinstaller:profileinstaller:1.3.1] AndroidManifest.xml:40:13-42:29
217                <action android:name="androidx.profileinstaller.action.INSTALL_PROFILE" />
217-->[androidx.profileinstaller:profileinstaller:1.3.1] AndroidManifest.xml:41:17-91
217-->[androidx.profileinstaller:profileinstaller:1.3.1] AndroidManifest.xml:41:25-88
218            </intent-filter>
219            <intent-filter>
219-->[androidx.profileinstaller:profileinstaller:1.3.1] AndroidManifest.xml:43:13-45:29
220                <action android:name="androidx.profileinstaller.action.SKIP_FILE" />
220-->[androidx.profileinstaller:profileinstaller:1.3.1] AndroidManifest.xml:44:17-85
220-->[androidx.profileinstaller:profileinstaller:1.3.1] AndroidManifest.xml:44:25-82
221            </intent-filter>
222            <intent-filter>
222-->[androidx.profileinstaller:profileinstaller:1.3.1] AndroidManifest.xml:46:13-48:29
223                <action android:name="androidx.profileinstaller.action.SAVE_PROFILE" />
223-->[androidx.profileinstaller:profileinstaller:1.3.1] AndroidManifest.xml:47:17-88
223-->[androidx.profileinstaller:profileinstaller:1.3.1] AndroidManifest.xml:47:25-85
224            </intent-filter>
225            <intent-filter>
225-->[androidx.profileinstaller:profileinstaller:1.3.1] AndroidManifest.xml:49:13-51:29
226                <action android:name="androidx.profileinstaller.action.BENCHMARK_OPERATION" />
226-->[androidx.profileinstaller:profileinstaller:1.3.1] AndroidManifest.xml:50:17-95
226-->[androidx.profileinstaller:profileinstaller:1.3.1] AndroidManifest.xml:50:25-92
227            </intent-filter>
228        </receiver>
229    </application>
230
231</manifest>